[+] Containers:
 |- [+] Container: /Game/FirstPersonMap
 |   |- [+] ActorDescs:
 |   |   |- Guid:029DF1BD46434AE52229CA92137306E2 BaseClass: NativeClass:/Script/Engine.StaticMeshActor Name:StaticMeshActor_UAID_7C10C99DAE0B6D6102_1942784128 Label:Cube8 SpatiallyLoaded:1 Bounds:IsValid=true, Min=(X=190.000 Y=1450.000 Z=-5.000), Max=(X=290.000 Y=1550.000 Z=445.000) RuntimeGrid:None EditorOnly:0 RuntimeOnly:0 HLODRelevant:1 ListedInSceneOutliner:1 IsMainWorldOnly:0
 |   |   |- Guid:0EDB289B45CB7E0977A6DBA74201EE76 BaseClass: NativeClass:/Script/Engine.StaticMeshActor Name:StaticMeshActor_10 Label:SM_Cube6 SpatiallyLoaded:1 Bounds:IsValid=true, Min=(X=2950.000 Y=10.000 Z=0.000), Max=(X=3000.000 Y=1160.000 Z=400.000) RuntimeGrid:None EditorOnly:0 RuntimeOnly:0 HLODRelevant:1 ListedInSceneOutliner:1 IsMainWorldOnly:0 FolderPath:Playground FolderGuid:6C02BB504B69D1F3D7A624B130C18E5B
 |   |   |- Guid:139598DF49A3B38BB9A40DB2924E45AF BaseClass: NativeClass:/Script/Engine.StaticMeshActor Name:StaticMeshActor_UAID_7C10C99DAE0B6D6102_1774008113 Label:SM_Cube8 SpatiallyLoaded:1 Bounds:IsValid=true, Min=(X=-30.000 Y=0.000 Z=-50.000), Max=(X=1495.000 Y=1175.000 Z=0.000) RuntimeGrid:None EditorOnly:0 RuntimeOnly:0 HLODRelevant:1 ListedInSceneOutliner:1 IsMainWorldOnly:0 FolderPath:Playground FolderGuid:6C02BB504B69D1F3D7A624B130C18E5B
 |   |   |- Guid:18DC5A18434D7F946FA3718CC876EA1B BaseClass: NativeClass:/Script/Engine.StaticMeshActor Name:StaticMeshActor_UAID_7C10C99DAE0B6D6102_1794807118 Label:SM_Cube13 SpatiallyLoaded:1 Bounds:IsValid=true, Min=(X=0.000 Y=1160.000 Z=-50.000), Max=(X=1475.000 Y=2810.000 Z=0.000) RuntimeGrid:None EditorOnly:0 RuntimeOnly:0 HLODRelevant:1 ListedInSceneOutliner:1 IsMainWorldOnly:0 FolderPath:Playground FolderGuid:6C02BB504B69D1F3D7A624B130C18E5B
 |   |   |- Guid:26A7223243E22DA4B8197EA78520A278 BaseClass:/Game/Blueprints/Target_Move.Target_Move_C NativeClass:/Script/Engine.Actor Name:Target_Move_C_UAID_7C10C99DAE0B1B6102_1728587680 Label:Target_Move2 SpatiallyLoaded:1 Bounds:IsValid=true, Min=(X=580.000 Y=2237.500 Z=130.000), Max=(X=680.000 Y=2262.500 Z=230.000) RuntimeGrid:None EditorOnly:0 RuntimeOnly:0 HLODRelevant:0 ListedInSceneOutliner:1 IsMainWorldOnly:0
 |   |   |- Guid:406B8F6C486D14DF99DC0BB9F539F57A BaseClass: NativeClass:/Script/Engine.StaticMeshActor Name:StaticMeshActor_UAID_7C10C99DAE0B6D6102_2053767129 Label:SM_Cube7 SpatiallyLoaded:1 Bounds:IsValid=true, Min=(X=983.077 Y=1160.000 Z=0.000), Max=(X=1458.077 Y=1210.000 Z=400.000) RuntimeGrid:None EditorOnly:0 RuntimeOnly:0 HLODRelevant:1 ListedInSceneOutliner:1 IsMainWorldOnly:0 FolderPath:Playground FolderGuid:6C02BB504B69D1F3D7A624B130C18E5B
 |   |   |- Guid:4CD337BD461F5E4FDD099EA94350302E BaseClass:/Game/Blueprints/Target_Gems.Target_Gems_C NativeClass:/Script/Engine.Actor Name:Target_2_C_UAID_7C10C99DAE0B355F02_1692166148 Label:Target_4 SpatiallyLoaded:1 Bounds:IsValid=true, Min=(X=2670.000 Y=837.500 Z=110.000), Max=(X=2770.000 Y=862.500 Z=210.000) RuntimeGrid:None EditorOnly:0 RuntimeOnly:0 HLODRelevant:0 ListedInSceneOutliner:1 IsMainWorldOnly:0
 |   |   |- Guid:4D585C544A965CF07BC809A1C1B263D4 BaseClass: NativeClass:/Script/Engine.StaticMeshActor Name:StaticMeshActor_UAID_7C10C99DAE0B6D6102_1774013115 Label:SM_Cube10 SpatiallyLoaded:1 Bounds:IsValid=true, Min=(X=-50.000 Y=10.000 Z=0.000), Max=(X=0.000 Y=1160.000 Z=400.000) RuntimeGrid:None EditorOnly:0 RuntimeOnly:0 HLODRelevant:1 ListedInSceneOutliner:1 IsMainWorldOnly:0 FolderPath:Playground FolderGuid:6C02BB504B69D1F3D7A624B130C18E5B
 |   |   |- Guid:5613123249E0D4914220CA92407EF1A7 BaseClass:/Game/Blueprints/Target_Gems.Target_Gems_C NativeClass:/Script/Engine.Actor Name:Target_2_C_UAID_00BE43BC50C5446202_1483456953 Label:Target_6 SpatiallyLoaded:1 Bounds:IsValid=true, Min=(X=2470.000 Y=1007.500 Z=110.000), Max=(X=2570.000 Y=1032.500 Z=210.000) RuntimeGrid:None EditorOnly:0 RuntimeOnly:0 HLODRelevant:0 ListedInSceneOutliner:1 IsMainWorldOnly:0
 |   |   |- Guid:5C336C184998F45A0337C691EBC95391 BaseClass: NativeClass:/Script/Engine.StaticMeshActor Name:StaticMeshActor_UAID_7C10C99DAE0B6D6102_1774010114 Label:SM_Cube9 SpatiallyLoaded:1 Bounds:IsValid=true, Min=(X=1450.000 Y=10.000 Z=0.000), Max=(X=1500.000 Y=335.000 Z=400.000) RuntimeGrid:None EditorOnly:0 RuntimeOnly:0 HLODRelevant:1 ListedInSceneOutliner:1 IsMainWorldOnly:0 FolderPath:Playground FolderGuid:6C02BB504B69D1F3D7A624B130C18E5B
 |   |   |- Guid:5D13D3B5423CDA09C5670FB1EECF520F BaseClass: NativeClass:/Script/Engine.StaticMeshActor Name:StaticMeshActor_UAID_7C10C99DAE0B6D6102_1912854122 Label:Cube2 SpatiallyLoaded:1 Bounds:IsValid=true, Min=(X=1110.000 Y=2060.000 Z=-5.000), Max=(X=1210.000 Y=2160.000 Z=445.000) RuntimeGrid:None EditorOnly:0 RuntimeOnly:0 HLODRelevant:1 ListedInSceneOutliner:1 IsMainWorldOnly:0
 |   |   |- Guid:5FE7584649BB6F09265329A6C57CFD0D BaseClass: NativeClass:/Script/Engine.VolumetricCloud Name:VolumetricCloud_0 Label:VolumetricCloud SpatiallyLoaded:0 Bounds:IsValid=true, Min=(X=0.000 Y=0.000 Z=820.000), Max=(X=0.000 Y=0.000 Z=820.000) RuntimeGrid:None EditorOnly:0 RuntimeOnly:0 HLODRelevant:0 ListedInSceneOutliner:1 IsMainWorldOnly:0 FolderPath:Lighting FolderGuid:0BA5F0A04EADB18E70D5B180D08FA34B
 |   |   |- Guid:61391D344900612A77DFC3BA3E354907 BaseClass: NativeClass:/Script/Engine.ExponentialHeightFog Name:ExponentialHeightFog_0 Label:ExponentialHeightFog SpatiallyLoaded:0 Bounds:IsValid=true, Min=(X=-5600.000 Y=-50.000 Z=-6850.000), Max=(X=-5600.000 Y=-50.000 Z=-6850.000) RuntimeGrid:None EditorOnly:0 RuntimeOnly:0 HLODRelevant:0 ListedInSceneOutliner:1 IsMainWorldOnly:0 FolderPath:Lighting FolderGuid:0BA5F0A04EADB18E70D5B180D08FA34B
 |   |   |- Guid:676D4CBF4DCDF40F2939039C98CF08F9 BaseClass: NativeClass:/Script/Engine.StaticMeshActor Name:StaticMeshActor_UAID_7C10C99DAE0B6D6102_1794805117 Label:SM_Cube12 SpatiallyLoaded:1 Bounds:IsValid=true, Min=(X=-50.000 Y=2770.000 Z=0.000), Max=(X=1500.000 Y=2820.000 Z=400.000) RuntimeGrid:None EditorOnly:0 RuntimeOnly:0 HLODRelevant:1 ListedInSceneOutliner:1 IsMainWorldOnly:0 FolderPath:Playground FolderGuid:6C02BB504B69D1F3D7A624B130C18E5B
 |   |   |- Guid:6FEFB3BD4EB37B849EF0D4AC80F83855 BaseClass: NativeClass:/Script/Engine.WorldDataLayers Name:WorldDataLayers Label:WorldDataLayers SpatiallyLoaded:0 Bounds:Invalid RuntimeGrid:None EditorOnly:0 RuntimeOnly:0 HLODRelevant:0 ListedInSceneOutliner:1 IsMainWorldOnly:1
 |   |   |- Guid:752969DE45D39B15FFC06DA368C99A15 BaseClass:/Game/Blueprints/Target_Gems.Target_Gems_C NativeClass:/Script/Engine.Actor Name:Target_2_C_UAID_7C10C99DAE0B355F02_2060266151 Label:Target_5 SpatiallyLoaded:1 Bounds:IsValid=true, Min=(X=1980.000 Y=1057.500 Z=120.000), Max=(X=2080.000 Y=1082.500 Z=220.000) RuntimeGrid:None EditorOnly:0 RuntimeOnly:0 HLODRelevant:0 ListedInSceneOutliner:1 IsMainWorldOnly:0
 |   |   |- Guid:7669227F48C56944748F958BE31E4DC2 BaseClass: NativeClass:/Script/Engine.StaticMeshActor Name:StaticMeshActor_UAID_7C10C99DAE0B6D6102_1942777125 Label:Cube5 SpatiallyLoaded:1 Bounds:IsValid=true, Min=(X=180.000 Y=1760.000 Z=-5.000), Max=(X=280.000 Y=1860.000 Z=445.000) RuntimeGrid:None EditorOnly:0 RuntimeOnly:0 HLODRelevant:1 ListedInSceneOutliner:1 IsMainWorldOnly:0
 |   |   |- Guid:78CAF7514C7533F30BD2F19A017AAB65 BaseClass: NativeClass:/Script/Engine.StaticMeshActor Name:StaticMeshActor_0 Label:SM_Cube SpatiallyLoaded:1 Bounds:IsValid=true, Min=(X=1490.000 Y=0.000 Z=-50.000), Max=(X=2965.000 Y=1175.000 Z=0.000) RuntimeGrid:None EditorOnly:0 RuntimeOnly:0 HLODRelevant:1 ListedInSceneOutliner:1 IsMainWorldOnly:0 FolderPath:Playground FolderGuid:6C02BB504B69D1F3D7A624B130C18E5B
 |   |   |- Guid:8559D1384B14F466E8927697A36C1D78 BaseClass: NativeClass:/Script/Engine.StaticMeshActor Name:StaticMeshActor_9 Label:SM_Cube5 SpatiallyLoaded:1 Bounds:IsValid=true, Min=(X=1450.000 Y=840.000 Z=0.000), Max=(X=1500.000 Y=1165.000 Z=400.000) RuntimeGrid:None EditorOnly:0 RuntimeOnly:0 HLODRelevant:1 ListedInSceneOutliner:1 IsMainWorldOnly:0 FolderPath:Playground FolderGuid:6C02BB504B69D1F3D7A624B130C18E5B
 |   |   |- Guid:882B3BFC48C763329BBE209F6B928FF4 BaseClass: NativeClass:/Script/Engine.StaticMeshActor Name:StaticMeshActor_UAID_7C10C99DAE0B6D6102_1937250124 Label:Cube4 SpatiallyLoaded:1 Bounds:IsValid=true, Min=(X=1110.000 Y=1440.000 Z=-5.000), Max=(X=1210.000 Y=1540.000 Z=445.000) RuntimeGrid:None EditorOnly:0 RuntimeOnly:0 HLODRelevant:1 ListedInSceneOutliner:1 IsMainWorldOnly:0
 |   |   |- Guid:90B7B8D3420C2EABA931D3A6A69DF696 BaseClass: NativeClass:/Script/Engine.StaticMeshActor Name:StaticMeshActor_3 Label:SM_Cube2 SpatiallyLoaded:1 Bounds:IsValid=true, Min=(X=1450.000 Y=0.000 Z=0.000), Max=(X=3000.000 Y=50.000 Z=400.000) RuntimeGrid:None EditorOnly:0 RuntimeOnly:0 HLODRelevant:1 ListedInSceneOutliner:1 IsMainWorldOnly:0 FolderPath:Playground FolderGuid:6C02BB504B69D1F3D7A624B130C18E5B
 |   |   |- Guid:A354B1B24E617A525DC6B48CCDE2417E BaseClass: NativeClass:/Script/Engine.PlayerStart Name:PlayerStart_0 Label:PlayerStart SpatiallyLoaded:0 Bounds:IsValid=true, Min=(X=2333.662 Y=513.662 Z=0.013), Max=(X=2426.338 Y=606.338 Z=184.013) RuntimeGrid:None EditorOnly:0 RuntimeOnly:0 HLODRelevant:0 ListedInSceneOutliner:1 IsMainWorldOnly:0
 |   |   |- Guid:A9C8DF854B686C1271A855ADD8888B8B BaseClass: NativeClass:/Script/Engine.StaticMeshActor Name:StaticMeshActor_UAID_7C10C99DAE0B6D6102_1942782127 Label:Cube7 SpatiallyLoaded:1 Bounds:IsValid=true, Min=(X=180.000 Y=2370.000 Z=-5.000), Max=(X=280.000 Y=2470.000 Z=445.000) RuntimeGrid:None EditorOnly:0 RuntimeOnly:0 HLODRelevant:1 ListedInSceneOutliner:1 IsMainWorldOnly:0
 |   |   |- Guid:AF7D00BE40DFDFB985CAB4962D082826 BaseClass: NativeClass:/Script/Engine.StaticMeshActor Name:StaticMeshActor_UAID_7C10C99DAE0B6D6102_2053770130 Label:SM_Cube11 SpatiallyLoaded:1 Bounds:IsValid=true, Min=(X=-40.000 Y=1160.000 Z=0.000), Max=(X=435.000 Y=1210.000 Z=400.000) RuntimeGrid:None EditorOnly:0 RuntimeOnly:0 HLODRelevant:1 ListedInSceneOutliner:1 IsMainWorldOnly:0 FolderPath:Playground FolderGuid:6C02BB504B69D1F3D7A624B130C18E5B
 |   |   |- Guid:AFC2E328486F1A72D35806B53ECA89BD BaseClass:/Game/Blueprints/Target_Gems.Target_Gems_C NativeClass:/Script/Engine.Actor Name:Target_2_C_UAID_7C10C99DAE0B335F02_2103797791 Label:Target_2 SpatiallyLoaded:1 Bounds:IsValid=true, Min=(X=2270.000 Y=917.500 Z=180.000), Max=(X=2370.000 Y=942.500 Z=280.000) RuntimeGrid:None EditorOnly:0 RuntimeOnly:0 HLODRelevant:0 ListedInSceneOutliner:1 IsMainWorldOnly:0
 |   |   |- Guid:BDE126784674AFECE287D78F036BFE52 BaseClass: NativeClass:/Script/Engine.StaticMeshActor Name:StaticMeshActor_UAID_7C10C99DAE0B6D6102_1917545123 Label:Cube3 SpatiallyLoaded:1 Bounds:IsValid=true, Min=(X=1100.000 Y=2360.000 Z=-5.000), Max=(X=1200.000 Y=2460.000 Z=445.000) RuntimeGrid:None EditorOnly:0 RuntimeOnly:0 HLODRelevant:1 ListedInSceneOutliner:1 IsMainWorldOnly:0
 |   |   |- Guid:C0C56B9644AE3D40CAFF6A878DB29844 BaseClass: NativeClass:/Script/Engine.StaticMeshActor Name:StaticMeshActor_UAID_A4AE111137DC5EFB00_2001720423 Label:SM_SkySphere SpatiallyLoaded:0 Bounds:IsValid=true, Min=(X=-1638400.000 Y=-1638400.000 Z=-1638400.000), Max=(X=1638400.000 Y=1638400.000 Z=1638400.000) RuntimeGrid:None EditorOnly:0 RuntimeOnly:0 HLODRelevant:0 ListedInSceneOutliner:1 IsMainWorldOnly:0 FolderPath:Lighting FolderGuid:0BA5F0A04EADB18E70D5B180D08FA34B
 |   |   |- Guid:C22CE07C4B87D685137FDBBC10FC92C6 BaseClass: NativeClass:/Script/Engine.SkyAtmosphere Name:SkyAtmosphere_0 Label:SkyAtmosphere SpatiallyLoaded:0 Bounds:IsValid=true, Min=(X=0.000 Y=0.000 Z=1020.000), Max=(X=0.000 Y=0.000 Z=1020.000) RuntimeGrid:None EditorOnly:0 RuntimeOnly:0 HLODRelevant:0 ListedInSceneOutliner:1 IsMainWorldOnly:0 FolderPath:Lighting FolderGuid:0BA5F0A04EADB18E70D5B180D08FA34B
 |   |   |- Guid:C2E6440E435202129B0E5AAA0E0C7CDA BaseClass: NativeClass:/Script/Engine.StaticMeshActor Name:StaticMeshActor_UAID_7C10C99DAE0B6D6102_1774001111 Label:SM_Cube4 SpatiallyLoaded:1 Bounds:IsValid=true, Min=(X=-50.000 Y=0.000 Z=0.000), Max=(X=1500.000 Y=50.000 Z=400.000) RuntimeGrid:None EditorOnly:0 RuntimeOnly:0 HLODRelevant:1 ListedInSceneOutliner:1 IsMainWorldOnly:0 FolderPath:Playground FolderGuid:6C02BB504B69D1F3D7A624B130C18E5B
 |   |   |- Guid:CE8D82634660FCDB3120E2B8D547C533 BaseClass: NativeClass:/Script/Engine.PostProcessVolume Name:PostProcessVolume_0 Label:PostProcessVolume SpatiallyLoaded:0 Bounds:IsValid=true, Min=(X=0.000 Y=0.000 Z=400.000), Max=(X=200.000 Y=200.000 Z=600.000) RuntimeGrid:None EditorOnly:0 RuntimeOnly:0 HLODRelevant:0 ListedInSceneOutliner:1 IsMainWorldOnly:0 FolderPath:Lighting FolderGuid:0BA5F0A04EADB18E70D5B180D08FA34B
 |   |   |- Guid:E09943F7452884F25FB34B96ABDDED17 BaseClass: NativeClass:/Script/Engine.StaticMeshActor Name:StaticMeshActor_UAID_7C10C99DAE0B6D6102_1942780126 Label:Cube6 SpatiallyLoaded:1 Bounds:IsValid=true, Min=(X=190.000 Y=2070.000 Z=-5.000), Max=(X=290.000 Y=2170.000 Z=445.000) RuntimeGrid:None EditorOnly:0 RuntimeOnly:0 HLODRelevant:1 ListedInSceneOutliner:1 IsMainWorldOnly:0
 |   |   |- Guid:E5320C1B4FD9764CE7B54D8487AEC613 BaseClass: NativeClass:/Script/Engine.SkyLight Name:SkyLight_0 Label:SkyLight SpatiallyLoaded:0 Bounds:IsValid=true, Min=(X=0.000 Y=0.000 Z=690.000), Max=(X=0.000 Y=0.000 Z=690.000) RuntimeGrid:None EditorOnly:0 RuntimeOnly:0 HLODRelevant:0 ListedInSceneOutliner:1 IsMainWorldOnly:0 FolderPath:Lighting FolderGuid:0BA5F0A04EADB18E70D5B180D08FA34B
 |   |   |- Guid:E62F525F4D3564CF1D6B0BA7BEA58E0A BaseClass: NativeClass:/Script/Engine.StaticMeshActor Name:StaticMeshActor_UAID_7C10C99DAE0B6D6102_1794811120 Label:SM_Cube15 SpatiallyLoaded:1 Bounds:IsValid=true, Min=(X=-40.000 Y=1170.000 Z=0.000), Max=(X=10.000 Y=2770.000 Z=400.000) RuntimeGrid:None EditorOnly:0 RuntimeOnly:0 HLODRelevant:1 ListedInSceneOutliner:1 IsMainWorldOnly:0 FolderPath:Playground FolderGuid:6C02BB504B69D1F3D7A624B130C18E5B
 |   |   |- Guid:E717236E4B4AAFCD036D63B9B25FDDB0 BaseClass: NativeClass:/Script/Engine.StaticMeshActor Name:StaticMeshActor_UAID_7C10C99DAE0B6D6102_1794809119 Label:SM_Cube14 SpatiallyLoaded:1 Bounds:IsValid=true, Min=(X=1460.000 Y=1170.000 Z=0.000), Max=(X=1510.000 Y=2770.000 Z=400.000) RuntimeGrid:None EditorOnly:0 RuntimeOnly:0 HLODRelevant:1 ListedInSceneOutliner:1 IsMainWorldOnly:0 FolderPath:Playground FolderGuid:6C02BB504B69D1F3D7A624B130C18E5B
 |   |   |- Guid:EE66F4454A4A9F99393F559AB739C05E BaseClass:/Game/FirstPerson/Blueprints/BP_Pickup_Rifle.BP_Pickup_Rifle_C NativeClass:/Script/Engine.Actor Name:BP_Rifle_C_1 Label:BP_Pickup_Rifle SpatiallyLoaded:1 Bounds:IsValid=true, Min=(X=2188.000 Y=678.000 Z=64.000), Max=(X=2252.000 Y=767.440 Z=128.000) RuntimeGrid:None EditorOnly:0 RuntimeOnly:0 HLODRelevant:0 ListedInSceneOutliner:1 IsMainWorldOnly:0
 |   |   |- Guid:EEC13FBD4132D13D1CDC84BB7EFFFCBD BaseClass:/Game/Blueprints/Target_Gems.Target_Gems_C NativeClass:/Script/Engine.Actor Name:Target_2_C_UAID_7C10C99DAE0B345F02_1363662968 Label:Target_3 SpatiallyLoaded:1 Bounds:IsValid=true, Min=(X=1740.000 Y=957.500 Z=70.000), Max=(X=1840.000 Y=982.500 Z=170.000) RuntimeGrid:None EditorOnly:0 RuntimeOnly:0 HLODRelevant:0 ListedInSceneOutliner:1 IsMainWorldOnly:0
 |   |   |- Guid:EF1C5ED6426367F5FC0412A2E6DCE3B7 BaseClass:/Game/Blueprints/Target_Move.Target_Move_C NativeClass:/Script/Engine.Actor Name:Target_Move_C_UAID_7C10C99DAE0B1A6102_1532233503 Label:Target_Move SpatiallyLoaded:1 Bounds:IsValid=true, Min=(X=820.000 Y=2567.500 Z=130.000), Max=(X=920.000 Y=2592.500 Z=230.000) RuntimeGrid:None EditorOnly:0 RuntimeOnly:0 HLODRelevant:0 ListedInSceneOutliner:1 IsMainWorldOnly:0
 |   |   |- Guid:F07F1AF64C7C7C238EE1B4BF8C122DD8 BaseClass: NativeClass:/Script/Engine.StaticMeshActor Name:StaticMeshActor_4 Label:SM_Cube3 SpatiallyLoaded:1 Bounds:IsValid=true, Min=(X=1440.000 Y=1150.000 Z=0.000), Max=(X=2990.000 Y=1200.000 Z=400.000) RuntimeGrid:None EditorOnly:0 RuntimeOnly:0 HLODRelevant:1 ListedInSceneOutliner:1 IsMainWorldOnly:0 FolderPath:Playground FolderGuid:6C02BB504B69D1F3D7A624B130C18E5B
 |   |   |- Guid:F80621C9446867154938FE81375207DA BaseClass: NativeClass:/Script/Engine.DirectionalLight Name:DirectionalLight_1 Label:DirectionalLight SpatiallyLoaded:0 Bounds:Invalid RuntimeGrid:None EditorOnly:0 RuntimeOnly:0 HLODRelevant:0 ListedInSceneOutliner:1 IsMainWorldOnly:0 FolderPath:Lighting FolderGuid:0BA5F0A04EADB18E70D5B180D08FA34B
 |   |   |- Guid:FE85C6C949436B0F3202A0BD8159340B BaseClass: NativeClass:/Script/Engine.StaticMeshActor Name:StaticMeshActor_UAID_7C10C99DAE0B6D6102_1895791121 Label:Cube SpatiallyLoaded:1 Bounds:IsValid=true, Min=(X=1100.000 Y=1750.000 Z=-5.000), Max=(X=1200.000 Y=1850.000 Z=445.000) RuntimeGrid:None EditorOnly:0 RuntimeOnly:0 HLODRelevant:1 ListedInSceneOutliner:1 IsMainWorldOnly:0
 |   |- [+] Clusters:
 |   |   |- [+] [  0]
 |   |   |   |- Guid:029DF1BD46434AE52229CA92137306E2 BaseClass: NativeClass:/Script/Engine.StaticMeshActor Name:StaticMeshActor_UAID_7C10C99DAE0B6D6102_1942784128 Label:Cube8 SpatiallyLoaded:1 Bounds:IsValid=true, Min=(X=190.000 Y=1450.000 Z=-5.000), Max=(X=290.000 Y=1550.000 Z=445.000) RuntimeGrid:None EditorOnly:0 RuntimeOnly:0 HLODRelevant:1 ListedInSceneOutliner:1 IsMainWorldOnly:0
 |   |   |- [+] [  1]
 |   |   |   |- Guid:0EDB289B45CB7E0977A6DBA74201EE76 BaseClass: NativeClass:/Script/Engine.StaticMeshActor Name:StaticMeshActor_10 Label:SM_Cube6 SpatiallyLoaded:1 Bounds:IsValid=true, Min=(X=2950.000 Y=10.000 Z=0.000), Max=(X=3000.000 Y=1160.000 Z=400.000) RuntimeGrid:None EditorOnly:0 RuntimeOnly:0 HLODRelevant:1 ListedInSceneOutliner:1 IsMainWorldOnly:0 FolderPath:Playground FolderGuid:6C02BB504B69D1F3D7A624B130C18E5B
 |   |   |- [+] [  2]
 |   |   |   |- Guid:139598DF49A3B38BB9A40DB2924E45AF BaseClass: NativeClass:/Script/Engine.StaticMeshActor Name:StaticMeshActor_UAID_7C10C99DAE0B6D6102_1774008113 Label:SM_Cube8 SpatiallyLoaded:1 Bounds:IsValid=true, Min=(X=-30.000 Y=0.000 Z=-50.000), Max=(X=1495.000 Y=1175.000 Z=0.000) RuntimeGrid:None EditorOnly:0 RuntimeOnly:0 HLODRelevant:1 ListedInSceneOutliner:1 IsMainWorldOnly:0 FolderPath:Playground FolderGuid:6C02BB504B69D1F3D7A624B130C18E5B
 |   |   |- [+] [  3]
 |   |   |   |- Guid:18DC5A18434D7F946FA3718CC876EA1B BaseClass: NativeClass:/Script/Engine.StaticMeshActor Name:StaticMeshActor_UAID_7C10C99DAE0B6D6102_1794807118 Label:SM_Cube13 SpatiallyLoaded:1 Bounds:IsValid=true, Min=(X=0.000 Y=1160.000 Z=-50.000), Max=(X=1475.000 Y=2810.000 Z=0.000) RuntimeGrid:None EditorOnly:0 RuntimeOnly:0 HLODRelevant:1 ListedInSceneOutliner:1 IsMainWorldOnly:0 FolderPath:Playground FolderGuid:6C02BB504B69D1F3D7A624B130C18E5B
 |   |   |- [+] [  4]
 |   |   |   |- Guid:26A7223243E22DA4B8197EA78520A278 BaseClass:/Game/Blueprints/Target_Move.Target_Move_C NativeClass:/Script/Engine.Actor Name:Target_Move_C_UAID_7C10C99DAE0B1B6102_1728587680 Label:Target_Move2 SpatiallyLoaded:1 Bounds:IsValid=true, Min=(X=580.000 Y=2237.500 Z=130.000), Max=(X=680.000 Y=2262.500 Z=230.000) RuntimeGrid:None EditorOnly:0 RuntimeOnly:0 HLODRelevant:0 ListedInSceneOutliner:1 IsMainWorldOnly:0
 |   |   |- [+] [  5]
 |   |   |   |- Guid:406B8F6C486D14DF99DC0BB9F539F57A BaseClass: NativeClass:/Script/Engine.StaticMeshActor Name:StaticMeshActor_UAID_7C10C99DAE0B6D6102_2053767129 Label:SM_Cube7 SpatiallyLoaded:1 Bounds:IsValid=true, Min=(X=983.077 Y=1160.000 Z=0.000), Max=(X=1458.077 Y=1210.000 Z=400.000) RuntimeGrid:None EditorOnly:0 RuntimeOnly:0 HLODRelevant:1 ListedInSceneOutliner:1 IsMainWorldOnly:0 FolderPath:Playground FolderGuid:6C02BB504B69D1F3D7A624B130C18E5B
 |   |   |- [+] [  6]
 |   |   |   |- Guid:4CD337BD461F5E4FDD099EA94350302E BaseClass:/Game/Blueprints/Target_Gems.Target_Gems_C NativeClass:/Script/Engine.Actor Name:Target_2_C_UAID_7C10C99DAE0B355F02_1692166148 Label:Target_4 SpatiallyLoaded:1 Bounds:IsValid=true, Min=(X=2670.000 Y=837.500 Z=110.000), Max=(X=2770.000 Y=862.500 Z=210.000) RuntimeGrid:None EditorOnly:0 RuntimeOnly:0 HLODRelevant:0 ListedInSceneOutliner:1 IsMainWorldOnly:0
 |   |   |- [+] [  7]
 |   |   |   |- Guid:4D585C544A965CF07BC809A1C1B263D4 BaseClass: NativeClass:/Script/Engine.StaticMeshActor Name:StaticMeshActor_UAID_7C10C99DAE0B6D6102_1774013115 Label:SM_Cube10 SpatiallyLoaded:1 Bounds:IsValid=true, Min=(X=-50.000 Y=10.000 Z=0.000), Max=(X=0.000 Y=1160.000 Z=400.000) RuntimeGrid:None EditorOnly:0 RuntimeOnly:0 HLODRelevant:1 ListedInSceneOutliner:1 IsMainWorldOnly:0 FolderPath:Playground FolderGuid:6C02BB504B69D1F3D7A624B130C18E5B
 |   |   |- [+] [  8]
 |   |   |   |- Guid:5613123249E0D4914220CA92407EF1A7 BaseClass:/Game/Blueprints/Target_Gems.Target_Gems_C NativeClass:/Script/Engine.Actor Name:Target_2_C_UAID_00BE43BC50C5446202_1483456953 Label:Target_6 SpatiallyLoaded:1 Bounds:IsValid=true, Min=(X=2470.000 Y=1007.500 Z=110.000), Max=(X=2570.000 Y=1032.500 Z=210.000) RuntimeGrid:None EditorOnly:0 RuntimeOnly:0 HLODRelevant:0 ListedInSceneOutliner:1 IsMainWorldOnly:0
 |   |   |- [+] [  9]
 |   |   |   |- Guid:5C336C184998F45A0337C691EBC95391 BaseClass: NativeClass:/Script/Engine.StaticMeshActor Name:StaticMeshActor_UAID_7C10C99DAE0B6D6102_1774010114 Label:SM_Cube9 SpatiallyLoaded:1 Bounds:IsValid=true, Min=(X=1450.000 Y=10.000 Z=0.000), Max=(X=1500.000 Y=335.000 Z=400.000) RuntimeGrid:None EditorOnly:0 RuntimeOnly:0 HLODRelevant:1 ListedInSceneOutliner:1 IsMainWorldOnly:0 FolderPath:Playground FolderGuid:6C02BB504B69D1F3D7A624B130C18E5B
 |   |   |- [+] [ 10]
 |   |   |   |- Guid:5D13D3B5423CDA09C5670FB1EECF520F BaseClass: NativeClass:/Script/Engine.StaticMeshActor Name:StaticMeshActor_UAID_7C10C99DAE0B6D6102_1912854122 Label:Cube2 SpatiallyLoaded:1 Bounds:IsValid=true, Min=(X=1110.000 Y=2060.000 Z=-5.000), Max=(X=1210.000 Y=2160.000 Z=445.000) RuntimeGrid:None EditorOnly:0 RuntimeOnly:0 HLODRelevant:1 ListedInSceneOutliner:1 IsMainWorldOnly:0
 |   |   |- [+] [ 11]
 |   |   |   |- Guid:5FE7584649BB6F09265329A6C57CFD0D BaseClass: NativeClass:/Script/Engine.VolumetricCloud Name:VolumetricCloud_0 Label:VolumetricCloud SpatiallyLoaded:0 Bounds:IsValid=true, Min=(X=0.000 Y=0.000 Z=820.000), Max=(X=0.000 Y=0.000 Z=820.000) RuntimeGrid:None EditorOnly:0 RuntimeOnly:0 HLODRelevant:0 ListedInSceneOutliner:1 IsMainWorldOnly:0 FolderPath:Lighting FolderGuid:0BA5F0A04EADB18E70D5B180D08FA34B
 |   |   |- [+] [ 12]
 |   |   |   |- Guid:61391D344900612A77DFC3BA3E354907 BaseClass: NativeClass:/Script/Engine.ExponentialHeightFog Name:ExponentialHeightFog_0 Label:ExponentialHeightFog SpatiallyLoaded:0 Bounds:IsValid=true, Min=(X=-5600.000 Y=-50.000 Z=-6850.000), Max=(X=-5600.000 Y=-50.000 Z=-6850.000) RuntimeGrid:None EditorOnly:0 RuntimeOnly:0 HLODRelevant:0 ListedInSceneOutliner:1 IsMainWorldOnly:0 FolderPath:Lighting FolderGuid:0BA5F0A04EADB18E70D5B180D08FA34B
 |   |   |- [+] [ 13]
 |   |   |   |- Guid:676D4CBF4DCDF40F2939039C98CF08F9 BaseClass: NativeClass:/Script/Engine.StaticMeshActor Name:StaticMeshActor_UAID_7C10C99DAE0B6D6102_1794805117 Label:SM_Cube12 SpatiallyLoaded:1 Bounds:IsValid=true, Min=(X=-50.000 Y=2770.000 Z=0.000), Max=(X=1500.000 Y=2820.000 Z=400.000) RuntimeGrid:None EditorOnly:0 RuntimeOnly:0 HLODRelevant:1 ListedInSceneOutliner:1 IsMainWorldOnly:0 FolderPath:Playground FolderGuid:6C02BB504B69D1F3D7A624B130C18E5B
 |   |   |- [+] [ 14]
 |   |   |   |- Guid:6FEFB3BD4EB37B849EF0D4AC80F83855 BaseClass: NativeClass:/Script/Engine.WorldDataLayers Name:WorldDataLayers Label:WorldDataLayers SpatiallyLoaded:0 Bounds:Invalid RuntimeGrid:None EditorOnly:0 RuntimeOnly:0 HLODRelevant:0 ListedInSceneOutliner:1 IsMainWorldOnly:1
 |   |   |- [+] [ 15]
 |   |   |   |- Guid:752969DE45D39B15FFC06DA368C99A15 BaseClass:/Game/Blueprints/Target_Gems.Target_Gems_C NativeClass:/Script/Engine.Actor Name:Target_2_C_UAID_7C10C99DAE0B355F02_2060266151 Label:Target_5 SpatiallyLoaded:1 Bounds:IsValid=true, Min=(X=1980.000 Y=1057.500 Z=120.000), Max=(X=2080.000 Y=1082.500 Z=220.000) RuntimeGrid:None EditorOnly:0 RuntimeOnly:0 HLODRelevant:0 ListedInSceneOutliner:1 IsMainWorldOnly:0
 |   |   |- [+] [ 16]
 |   |   |   |- Guid:7669227F48C56944748F958BE31E4DC2 BaseClass: NativeClass:/Script/Engine.StaticMeshActor Name:StaticMeshActor_UAID_7C10C99DAE0B6D6102_1942777125 Label:Cube5 SpatiallyLoaded:1 Bounds:IsValid=true, Min=(X=180.000 Y=1760.000 Z=-5.000), Max=(X=280.000 Y=1860.000 Z=445.000) RuntimeGrid:None EditorOnly:0 RuntimeOnly:0 HLODRelevant:1 ListedInSceneOutliner:1 IsMainWorldOnly:0
 |   |   |- [+] [ 17]
 |   |   |   |- Guid:78CAF7514C7533F30BD2F19A017AAB65 BaseClass: NativeClass:/Script/Engine.StaticMeshActor Name:StaticMeshActor_0 Label:SM_Cube SpatiallyLoaded:1 Bounds:IsValid=true, Min=(X=1490.000 Y=0.000 Z=-50.000), Max=(X=2965.000 Y=1175.000 Z=0.000) RuntimeGrid:None EditorOnly:0 RuntimeOnly:0 HLODRelevant:1 ListedInSceneOutliner:1 IsMainWorldOnly:0 FolderPath:Playground FolderGuid:6C02BB504B69D1F3D7A624B130C18E5B
 |   |   |- [+] [ 18]
 |   |   |   |- Guid:8559D1384B14F466E8927697A36C1D78 BaseClass: NativeClass:/Script/Engine.StaticMeshActor Name:StaticMeshActor_9 Label:SM_Cube5 SpatiallyLoaded:1 Bounds:IsValid=true, Min=(X=1450.000 Y=840.000 Z=0.000), Max=(X=1500.000 Y=1165.000 Z=400.000) RuntimeGrid:None EditorOnly:0 RuntimeOnly:0 HLODRelevant:1 ListedInSceneOutliner:1 IsMainWorldOnly:0 FolderPath:Playground FolderGuid:6C02BB504B69D1F3D7A624B130C18E5B
 |   |   |- [+] [ 19]
 |   |   |   |- Guid:882B3BFC48C763329BBE209F6B928FF4 BaseClass: NativeClass:/Script/Engine.StaticMeshActor Name:StaticMeshActor_UAID_7C10C99DAE0B6D6102_1937250124 Label:Cube4 SpatiallyLoaded:1 Bounds:IsValid=true, Min=(X=1110.000 Y=1440.000 Z=-5.000), Max=(X=1210.000 Y=1540.000 Z=445.000) RuntimeGrid:None EditorOnly:0 RuntimeOnly:0 HLODRelevant:1 ListedInSceneOutliner:1 IsMainWorldOnly:0
 |   |   |- [+] [ 20]
 |   |   |   |- Guid:90B7B8D3420C2EABA931D3A6A69DF696 BaseClass: NativeClass:/Script/Engine.StaticMeshActor Name:StaticMeshActor_3 Label:SM_Cube2 SpatiallyLoaded:1 Bounds:IsValid=true, Min=(X=1450.000 Y=0.000 Z=0.000), Max=(X=3000.000 Y=50.000 Z=400.000) RuntimeGrid:None EditorOnly:0 RuntimeOnly:0 HLODRelevant:1 ListedInSceneOutliner:1 IsMainWorldOnly:0 FolderPath:Playground FolderGuid:6C02BB504B69D1F3D7A624B130C18E5B
 |   |   |- [+] [ 21]
 |   |   |   |- Guid:A354B1B24E617A525DC6B48CCDE2417E BaseClass: NativeClass:/Script/Engine.PlayerStart Name:PlayerStart_0 Label:PlayerStart SpatiallyLoaded:0 Bounds:IsValid=true, Min=(X=2333.662 Y=513.662 Z=0.013), Max=(X=2426.338 Y=606.338 Z=184.013) RuntimeGrid:None EditorOnly:0 RuntimeOnly:0 HLODRelevant:0 ListedInSceneOutliner:1 IsMainWorldOnly:0
 |   |   |- [+] [ 22]
 |   |   |   |- Guid:A9C8DF854B686C1271A855ADD8888B8B BaseClass: NativeClass:/Script/Engine.StaticMeshActor Name:StaticMeshActor_UAID_7C10C99DAE0B6D6102_1942782127 Label:Cube7 SpatiallyLoaded:1 Bounds:IsValid=true, Min=(X=180.000 Y=2370.000 Z=-5.000), Max=(X=280.000 Y=2470.000 Z=445.000) RuntimeGrid:None EditorOnly:0 RuntimeOnly:0 HLODRelevant:1 ListedInSceneOutliner:1 IsMainWorldOnly:0
 |   |   |- [+] [ 23]
 |   |   |   |- Guid:AF7D00BE40DFDFB985CAB4962D082826 BaseClass: NativeClass:/Script/Engine.StaticMeshActor Name:StaticMeshActor_UAID_7C10C99DAE0B6D6102_2053770130 Label:SM_Cube11 SpatiallyLoaded:1 Bounds:IsValid=true, Min=(X=-40.000 Y=1160.000 Z=0.000), Max=(X=435.000 Y=1210.000 Z=400.000) RuntimeGrid:None EditorOnly:0 RuntimeOnly:0 HLODRelevant:1 ListedInSceneOutliner:1 IsMainWorldOnly:0 FolderPath:Playground FolderGuid:6C02BB504B69D1F3D7A624B130C18E5B
 |   |   |- [+] [ 24]
 |   |   |   |- Guid:AFC2E328486F1A72D35806B53ECA89BD BaseClass:/Game/Blueprints/Target_Gems.Target_Gems_C NativeClass:/Script/Engine.Actor Name:Target_2_C_UAID_7C10C99DAE0B335F02_2103797791 Label:Target_2 SpatiallyLoaded:1 Bounds:IsValid=true, Min=(X=2270.000 Y=917.500 Z=180.000), Max=(X=2370.000 Y=942.500 Z=280.000) RuntimeGrid:None EditorOnly:0 RuntimeOnly:0 HLODRelevant:0 ListedInSceneOutliner:1 IsMainWorldOnly:0
 |   |   |- [+] [ 25]
 |   |   |   |- Guid:BDE126784674AFECE287D78F036BFE52 BaseClass: NativeClass:/Script/Engine.StaticMeshActor Name:StaticMeshActor_UAID_7C10C99DAE0B6D6102_1917545123 Label:Cube3 SpatiallyLoaded:1 Bounds:IsValid=true, Min=(X=1100.000 Y=2360.000 Z=-5.000), Max=(X=1200.000 Y=2460.000 Z=445.000) RuntimeGrid:None EditorOnly:0 RuntimeOnly:0 HLODRelevant:1 ListedInSceneOutliner:1 IsMainWorldOnly:0
 |   |   |- [+] [ 26]
 |   |   |   |- Guid:C0C56B9644AE3D40CAFF6A878DB29844 BaseClass: NativeClass:/Script/Engine.StaticMeshActor Name:StaticMeshActor_UAID_A4AE111137DC5EFB00_2001720423 Label:SM_SkySphere SpatiallyLoaded:0 Bounds:IsValid=true, Min=(X=-1638400.000 Y=-1638400.000 Z=-1638400.000), Max=(X=1638400.000 Y=1638400.000 Z=1638400.000) RuntimeGrid:None EditorOnly:0 RuntimeOnly:0 HLODRelevant:0 ListedInSceneOutliner:1 IsMainWorldOnly:0 FolderPath:Lighting FolderGuid:0BA5F0A04EADB18E70D5B180D08FA34B
 |   |   |- [+] [ 27]
 |   |   |   |- Guid:C22CE07C4B87D685137FDBBC10FC92C6 BaseClass: NativeClass:/Script/Engine.SkyAtmosphere Name:SkyAtmosphere_0 Label:SkyAtmosphere SpatiallyLoaded:0 Bounds:IsValid=true, Min=(X=0.000 Y=0.000 Z=1020.000), Max=(X=0.000 Y=0.000 Z=1020.000) RuntimeGrid:None EditorOnly:0 RuntimeOnly:0 HLODRelevant:0 ListedInSceneOutliner:1 IsMainWorldOnly:0 FolderPath:Lighting FolderGuid:0BA5F0A04EADB18E70D5B180D08FA34B
 |   |   |- [+] [ 28]
 |   |   |   |- Guid:C2E6440E435202129B0E5AAA0E0C7CDA BaseClass: NativeClass:/Script/Engine.StaticMeshActor Name:StaticMeshActor_UAID_7C10C99DAE0B6D6102_1774001111 Label:SM_Cube4 SpatiallyLoaded:1 Bounds:IsValid=true, Min=(X=-50.000 Y=0.000 Z=0.000), Max=(X=1500.000 Y=50.000 Z=400.000) RuntimeGrid:None EditorOnly:0 RuntimeOnly:0 HLODRelevant:1 ListedInSceneOutliner:1 IsMainWorldOnly:0 FolderPath:Playground FolderGuid:6C02BB504B69D1F3D7A624B130C18E5B
 |   |   |- [+] [ 29]
 |   |   |   |- Guid:CE8D82634660FCDB3120E2B8D547C533 BaseClass: NativeClass:/Script/Engine.PostProcessVolume Name:PostProcessVolume_0 Label:PostProcessVolume SpatiallyLoaded:0 Bounds:IsValid=true, Min=(X=0.000 Y=0.000 Z=400.000), Max=(X=200.000 Y=200.000 Z=600.000) RuntimeGrid:None EditorOnly:0 RuntimeOnly:0 HLODRelevant:0 ListedInSceneOutliner:1 IsMainWorldOnly:0 FolderPath:Lighting FolderGuid:0BA5F0A04EADB18E70D5B180D08FA34B
 |   |   |- [+] [ 30]
 |   |   |   |- Guid:E09943F7452884F25FB34B96ABDDED17 BaseClass: NativeClass:/Script/Engine.StaticMeshActor Name:StaticMeshActor_UAID_7C10C99DAE0B6D6102_1942780126 Label:Cube6 SpatiallyLoaded:1 Bounds:IsValid=true, Min=(X=190.000 Y=2070.000 Z=-5.000), Max=(X=290.000 Y=2170.000 Z=445.000) RuntimeGrid:None EditorOnly:0 RuntimeOnly:0 HLODRelevant:1 ListedInSceneOutliner:1 IsMainWorldOnly:0
 |   |   |- [+] [ 31]
 |   |   |   |- Guid:E5320C1B4FD9764CE7B54D8487AEC613 BaseClass: NativeClass:/Script/Engine.SkyLight Name:SkyLight_0 Label:SkyLight SpatiallyLoaded:0 Bounds:IsValid=true, Min=(X=0.000 Y=0.000 Z=690.000), Max=(X=0.000 Y=0.000 Z=690.000) RuntimeGrid:None EditorOnly:0 RuntimeOnly:0 HLODRelevant:0 ListedInSceneOutliner:1 IsMainWorldOnly:0 FolderPath:Lighting FolderGuid:0BA5F0A04EADB18E70D5B180D08FA34B
 |   |   |- [+] [ 32]
 |   |   |   |- Guid:E62F525F4D3564CF1D6B0BA7BEA58E0A BaseClass: NativeClass:/Script/Engine.StaticMeshActor Name:StaticMeshActor_UAID_7C10C99DAE0B6D6102_1794811120 Label:SM_Cube15 SpatiallyLoaded:1 Bounds:IsValid=true, Min=(X=-40.000 Y=1170.000 Z=0.000), Max=(X=10.000 Y=2770.000 Z=400.000) RuntimeGrid:None EditorOnly:0 RuntimeOnly:0 HLODRelevant:1 ListedInSceneOutliner:1 IsMainWorldOnly:0 FolderPath:Playground FolderGuid:6C02BB504B69D1F3D7A624B130C18E5B
 |   |   |- [+] [ 33]
 |   |   |   |- Guid:E717236E4B4AAFCD036D63B9B25FDDB0 BaseClass: NativeClass:/Script/Engine.StaticMeshActor Name:StaticMeshActor_UAID_7C10C99DAE0B6D6102_1794809119 Label:SM_Cube14 SpatiallyLoaded:1 Bounds:IsValid=true, Min=(X=1460.000 Y=1170.000 Z=0.000), Max=(X=1510.000 Y=2770.000 Z=400.000) RuntimeGrid:None EditorOnly:0 RuntimeOnly:0 HLODRelevant:1 ListedInSceneOutliner:1 IsMainWorldOnly:0 FolderPath:Playground FolderGuid:6C02BB504B69D1F3D7A624B130C18E5B
 |   |   |- [+] [ 34]
 |   |   |   |- Guid:EE66F4454A4A9F99393F559AB739C05E BaseClass:/Game/FirstPerson/Blueprints/BP_Pickup_Rifle.BP_Pickup_Rifle_C NativeClass:/Script/Engine.Actor Name:BP_Rifle_C_1 Label:BP_Pickup_Rifle SpatiallyLoaded:1 Bounds:IsValid=true, Min=(X=2188.000 Y=678.000 Z=64.000), Max=(X=2252.000 Y=767.440 Z=128.000) RuntimeGrid:None EditorOnly:0 RuntimeOnly:0 HLODRelevant:0 ListedInSceneOutliner:1 IsMainWorldOnly:0
 |   |   |- [+] [ 35]
 |   |   |   |- Guid:EEC13FBD4132D13D1CDC84BB7EFFFCBD BaseClass:/Game/Blueprints/Target_Gems.Target_Gems_C NativeClass:/Script/Engine.Actor Name:Target_2_C_UAID_7C10C99DAE0B345F02_1363662968 Label:Target_3 SpatiallyLoaded:1 Bounds:IsValid=true, Min=(X=1740.000 Y=957.500 Z=70.000), Max=(X=1840.000 Y=982.500 Z=170.000) RuntimeGrid:None EditorOnly:0 RuntimeOnly:0 HLODRelevant:0 ListedInSceneOutliner:1 IsMainWorldOnly:0
 |   |   |- [+] [ 36]
 |   |   |   |- Guid:EF1C5ED6426367F5FC0412A2E6DCE3B7 BaseClass:/Game/Blueprints/Target_Move.Target_Move_C NativeClass:/Script/Engine.Actor Name:Target_Move_C_UAID_7C10C99DAE0B1A6102_1532233503 Label:Target_Move SpatiallyLoaded:1 Bounds:IsValid=true, Min=(X=820.000 Y=2567.500 Z=130.000), Max=(X=920.000 Y=2592.500 Z=230.000) RuntimeGrid:None EditorOnly:0 RuntimeOnly:0 HLODRelevant:0 ListedInSceneOutliner:1 IsMainWorldOnly:0
 |   |   |- [+] [ 37]
 |   |   |   |- Guid:F07F1AF64C7C7C238EE1B4BF8C122DD8 BaseClass: NativeClass:/Script/Engine.StaticMeshActor Name:StaticMeshActor_4 Label:SM_Cube3 SpatiallyLoaded:1 Bounds:IsValid=true, Min=(X=1440.000 Y=1150.000 Z=0.000), Max=(X=2990.000 Y=1200.000 Z=400.000) RuntimeGrid:None EditorOnly:0 RuntimeOnly:0 HLODRelevant:1 ListedInSceneOutliner:1 IsMainWorldOnly:0 FolderPath:Playground FolderGuid:6C02BB504B69D1F3D7A624B130C18E5B
 |   |   |- [+] [ 38]
 |   |   |   |- Guid:F80621C9446867154938FE81375207DA BaseClass: NativeClass:/Script/Engine.DirectionalLight Name:DirectionalLight_1 Label:DirectionalLight SpatiallyLoaded:0 Bounds:Invalid RuntimeGrid:None EditorOnly:0 RuntimeOnly:0 HLODRelevant:0 ListedInSceneOutliner:1 IsMainWorldOnly:0 FolderPath:Lighting FolderGuid:0BA5F0A04EADB18E70D5B180D08FA34B
 |   |   |- [+] [ 39]
 |   |   |   |- Guid:FE85C6C949436B0F3202A0BD8159340B BaseClass: NativeClass:/Script/Engine.StaticMeshActor Name:StaticMeshActor_UAID_7C10C99DAE0B6D6102_1895791121 Label:Cube SpatiallyLoaded:1 Bounds:IsValid=true, Min=(X=1100.000 Y=1750.000 Z=-5.000), Max=(X=1200.000 Y=1850.000 Z=445.000) RuntimeGrid:None EditorOnly:0 RuntimeOnly:0 HLODRelevant:1 ListedInSceneOutliner:1 IsMainWorldOnly:0
 |- ContainerInstances:
 |- [+] MainContainer:
 |   |-        ID: 00000000000000000000000000000000
 |   |-  ParentID: 00000000000000000000000000000000
 |   |-    Bounds: IsValid=false, Min=(X=0.000 Y=0.000 Z=0.000), Max=(X=0.000 Y=0.000 Z=0.000)
 |   |- Transform: 0.000000,0.000000,0.000000|0.000000,0.000000,-0.000000|1.000000,1.000000,1.000000
 |   |- Container: /Game/FirstPersonMap
----------------------------------------------------------------------------------------------------------------
FirstPersonMap - Persistent Level
----------------------------------------------------------------------------------------------------------------
[+] Content of FirstPersonMap Persistent Level
 |- Always loaded Actor Count: 40 
 |- Actor Path: /Game/UEDPIE_0_FirstPersonMap.FirstPersonMap:PersistentLevel.BP_Rifle_C_1
 |- Actor Package: /Game/UEDPIE_0_FirstPersonMap_InstanceOf_/Game/__ExternalActors__/FirstPersonMap/7/3U/W1DV0N6GQDVECVAHRAV8HF
 |- Actor Path: /Game/UEDPIE_0_FirstPersonMap.FirstPersonMap:PersistentLevel.DirectionalLight_1
 |- Actor Package: /Game/UEDPIE_0_FirstPersonMap_InstanceOf_/Game/__ExternalActors__/FirstPersonMap/3/Y8/I2ZYZJ9TTLF76EGKR24S8G
 |- Actor Path: /Game/UEDPIE_0_FirstPersonMap.FirstPersonMap:PersistentLevel.ExponentialHeightFog_0
 |- Actor Package: /Game/UEDPIE_0_FirstPersonMap_InstanceOf_/Game/__ExternalActors__/FirstPersonMap/B/Q0/LB7N95ZNW57W6E7QF2V3I5
 |- Actor Path: /Game/UEDPIE_0_FirstPersonMap.FirstPersonMap:PersistentLevel.PlayerStart_0
 |- Actor Package: /Game/UEDPIE_0_FirstPersonMap_InstanceOf_/Game/__ExternalActors__/FirstPersonMap/9/VV/M5J9DXMJZF3Y3UOD5WVWQ4
 |- Actor Path: /Game/UEDPIE_0_FirstPersonMap.FirstPersonMap:PersistentLevel.PostProcessVolume_0
 |- Actor Package: /Game/UEDPIE_0_FirstPersonMap_InstanceOf_/Game/__ExternalActors__/FirstPersonMap/9/H8/WQA7QR24U4GLE5PUDOSGNE
 |- Actor Path: /Game/UEDPIE_0_FirstPersonMap.FirstPersonMap:PersistentLevel.SkyAtmosphere_0
 |- Actor Package: /Game/UEDPIE_0_FirstPersonMap_InstanceOf_/Game/__ExternalActors__/FirstPersonMap/C/T2/32LAGM7DU7M69H8U0CC8IS
 |- Actor Path: /Game/UEDPIE_0_FirstPersonMap.FirstPersonMap:PersistentLevel.SkyLight_0
 |- Actor Package: /Game/UEDPIE_0_FirstPersonMap_InstanceOf_/Game/__ExternalActors__/FirstPersonMap/E/FF/7H4I0C1P98C647YLMCZVL0
 |- Actor Path: /Game/UEDPIE_0_FirstPersonMap.FirstPersonMap:PersistentLevel.StaticMeshActor_0
 |- Actor Package: /Game/UEDPIE_0_FirstPersonMap_InstanceOf_/Game/__ExternalActors__/FirstPersonMap/9/UL/6676SW069EFCR85P0NK9H4
 |- Actor Path: /Game/UEDPIE_0_FirstPersonMap.FirstPersonMap:PersistentLevel.StaticMeshActor_10
 |- Actor Package: /Game/UEDPIE_0_FirstPersonMap_InstanceOf_/Game/__ExternalActors__/FirstPersonMap/9/PI/RE4B8QWC5XNEEOQ18UWZD1
 |- Actor Path: /Game/UEDPIE_0_FirstPersonMap.FirstPersonMap:PersistentLevel.StaticMeshActor_3
 |- Actor Package: /Game/UEDPIE_0_FirstPersonMap_InstanceOf_/Game/__ExternalActors__/FirstPersonMap/0/NQ/74GROYRVSTV2AMDKIO7N9F
 |- Actor Path: /Game/UEDPIE_0_FirstPersonMap.FirstPersonMap:PersistentLevel.StaticMeshActor_4
 |- Actor Package: /Game/UEDPIE_0_FirstPersonMap_InstanceOf_/Game/__ExternalActors__/FirstPersonMap/6/GY/YMSWNBIMKUQK0O6VFC7QXZ
 |- Actor Path: /Game/UEDPIE_0_FirstPersonMap.FirstPersonMap:PersistentLevel.StaticMeshActor_9
 |- Actor Package: /Game/UEDPIE_0_FirstPersonMap_InstanceOf_/Game/__ExternalActors__/FirstPersonMap/9/T1/1T2GH3I77P9COI2S8Q2C81
 |- Actor Path: /Game/UEDPIE_0_FirstPersonMap.FirstPersonMap:PersistentLevel.StaticMeshActor_UAID_7C10C99DAE0B6D6102_1774001111
 |- Actor Package: /Game/UEDPIE_0_FirstPersonMap_InstanceOf_/Game/__ExternalActors__/FirstPersonMap/4/AL/3PW4FJCJWF5DB8WR4UG7DS
 |- Actor Path: /Game/UEDPIE_0_FirstPersonMap.FirstPersonMap:PersistentLevel.StaticMeshActor_UAID_7C10C99DAE0B6D6102_1774008113
 |- Actor Package: /Game/UEDPIE_0_FirstPersonMap_InstanceOf_/Game/__ExternalActors__/FirstPersonMap/8/B7/4AO1YGFTNT1HFSISEKS2DU
 |- Actor Path: /Game/UEDPIE_0_FirstPersonMap.FirstPersonMap:PersistentLevel.StaticMeshActor_UAID_7C10C99DAE0B6D6102_1774010114
 |- Actor Package: /Game/UEDPIE_0_FirstPersonMap_InstanceOf_/Game/__ExternalActors__/FirstPersonMap/D/FX/EKX3JSUPJ6EYY1JSIOGETW
 |- Actor Path: /Game/UEDPIE_0_FirstPersonMap.FirstPersonMap:PersistentLevel.StaticMeshActor_UAID_7C10C99DAE0B6D6102_1774013115
 |- Actor Package: /Game/UEDPIE_0_FirstPersonMap_InstanceOf_/Game/__ExternalActors__/FirstPersonMap/B/GD/SYLMUXOZR3M655WHGQ6FE1
 |- Actor Path: /Game/UEDPIE_0_FirstPersonMap.FirstPersonMap:PersistentLevel.StaticMeshActor_UAID_7C10C99DAE0B6D6102_1794805117
 |- Actor Package: /Game/UEDPIE_0_FirstPersonMap_InstanceOf_/Game/__ExternalActors__/FirstPersonMap/C/T0/F550Y24WDICL2L14IORKKS
 |- Actor Path: /Game/UEDPIE_0_FirstPersonMap.FirstPersonMap:PersistentLevel.StaticMeshActor_UAID_7C10C99DAE0B6D6102_1794807118
 |- Actor Package: /Game/UEDPIE_0_FirstPersonMap_InstanceOf_/Game/__ExternalActors__/FirstPersonMap/A/IJ/4S6XJWTUK9UI63W6KJTESM
 |- Actor Path: /Game/UEDPIE_0_FirstPersonMap.FirstPersonMap:PersistentLevel.StaticMeshActor_UAID_7C10C99DAE0B6D6102_1794809119
 |- Actor Package: /Game/UEDPIE_0_FirstPersonMap_InstanceOf_/Game/__ExternalActors__/FirstPersonMap/5/PB/PXLDCG5X67OLT3H4WL7GN2
 |- Actor Path: /Game/UEDPIE_0_FirstPersonMap.FirstPersonMap:PersistentLevel.StaticMeshActor_UAID_7C10C99DAE0B6D6102_1794811120
 |- Actor Package: /Game/UEDPIE_0_FirstPersonMap_InstanceOf_/Game/__ExternalActors__/FirstPersonMap/E/OB/EDHVN2C00A0OGR22280ZFU
 |- Actor Path: /Game/UEDPIE_0_FirstPersonMap.FirstPersonMap:PersistentLevel.StaticMeshActor_UAID_7C10C99DAE0B6D6102_1895791121
 |- Actor Package: /Game/UEDPIE_0_FirstPersonMap_InstanceOf_/Game/__ExternalActors__/FirstPersonMap/1/60/XVFAUSE66X0BHX7BZSE7SE
 |- Actor Path: /Game/UEDPIE_0_FirstPersonMap.FirstPersonMap:PersistentLevel.StaticMeshActor_UAID_7C10C99DAE0B6D6102_1912854122
 |- Actor Package: /Game/UEDPIE_0_FirstPersonMap_InstanceOf_/Game/__ExternalActors__/FirstPersonMap/E/4R/D8I0BIAYDLTFQPX89OK7Z4
 |- Actor Path: /Game/UEDPIE_0_FirstPersonMap.FirstPersonMap:PersistentLevel.StaticMeshActor_UAID_7C10C99DAE0B6D6102_1917545123
 |- Actor Package: /Game/UEDPIE_0_FirstPersonMap_InstanceOf_/Game/__ExternalActors__/FirstPersonMap/E/7T/BX3FBIWZMAS8XA4XV6KV7R
 |- Actor Path: /Game/UEDPIE_0_FirstPersonMap.FirstPersonMap:PersistentLevel.StaticMeshActor_UAID_7C10C99DAE0B6D6102_1937250124
 |- Actor Package: /Game/UEDPIE_0_FirstPersonMap_InstanceOf_/Game/__ExternalActors__/FirstPersonMap/5/C6/PZSLATJD6ZGOAB1KVPV8WV
 |- Actor Path: /Game/UEDPIE_0_FirstPersonMap.FirstPersonMap:PersistentLevel.StaticMeshActor_UAID_7C10C99DAE0B6D6102_1942777125
 |- Actor Package: /Game/UEDPIE_0_FirstPersonMap_InstanceOf_/Game/__ExternalActors__/FirstPersonMap/E/MZ/QNNYSBCMMVZLH2B7UIR2LB
 |- Actor Path: /Game/UEDPIE_0_FirstPersonMap.FirstPersonMap:PersistentLevel.StaticMeshActor_UAID_7C10C99DAE0B6D6102_1942780126
 |- Actor Package: /Game/UEDPIE_0_FirstPersonMap_InstanceOf_/Game/__ExternalActors__/FirstPersonMap/8/GH/7FXG8WCR17RIZ368GOSO4R
 |- Actor Path: /Game/UEDPIE_0_FirstPersonMap.FirstPersonMap:PersistentLevel.StaticMeshActor_UAID_7C10C99DAE0B6D6102_1942782127
 |- Actor Package: /Game/UEDPIE_0_FirstPersonMap_InstanceOf_/Game/__ExternalActors__/FirstPersonMap/E/IV/3GSUVEYGB12Q0NTMR4Q1CS
 |- Actor Path: /Game/UEDPIE_0_FirstPersonMap.FirstPersonMap:PersistentLevel.StaticMeshActor_UAID_7C10C99DAE0B6D6102_1942784128
 |- Actor Package: /Game/UEDPIE_0_FirstPersonMap_InstanceOf_/Game/__ExternalActors__/FirstPersonMap/8/6C/YNQWAPXUPHDWUCPRJSZW2I
 |- Actor Path: /Game/UEDPIE_0_FirstPersonMap.FirstPersonMap:PersistentLevel.StaticMeshActor_UAID_7C10C99DAE0B6D6102_2053767129
 |- Actor Package: /Game/UEDPIE_0_FirstPersonMap_InstanceOf_/Game/__ExternalActors__/FirstPersonMap/6/AB/S1QADGCVDI8BSSZIA2I56X
 |- Actor Path: /Game/UEDPIE_0_FirstPersonMap.FirstPersonMap:PersistentLevel.StaticMeshActor_UAID_7C10C99DAE0B6D6102_2053770130
 |- Actor Package: /Game/UEDPIE_0_FirstPersonMap_InstanceOf_/Game/__ExternalActors__/FirstPersonMap/E/NE/S2J0TAVF9USTFYHOVSF9ZE
 |- Actor Path: /Game/UEDPIE_0_FirstPersonMap.FirstPersonMap:PersistentLevel.StaticMeshActor_UAID_A4AE111137DC5EFB00_2001720423
 |- Actor Package: /Game/UEDPIE_0_FirstPersonMap_InstanceOf_/Game/__ExternalActors__/FirstPersonMap/A/KN/HZX73CREREF9OCR1QN25PA
 |- Actor Path: /Game/UEDPIE_0_FirstPersonMap.FirstPersonMap:PersistentLevel.Target_2_C_UAID_00BE43BC50C5446202_1483456953
 |- Actor Package: /Game/UEDPIE_0_FirstPersonMap_InstanceOf_/Game/__ExternalActors__/FirstPersonMap/8/UM/1Q7J6U9UM58YE3AX2221E4
 |- Actor Path: /Game/UEDPIE_0_FirstPersonMap.FirstPersonMap:PersistentLevel.Target_2_C_UAID_7C10C99DAE0B335F02_2103797791
 |- Actor Package: /Game/UEDPIE_0_FirstPersonMap_InstanceOf_/Game/__ExternalActors__/FirstPersonMap/A/H8/3XVXV6EW78XT9UVS0JY1D0
 |- Actor Path: /Game/UEDPIE_0_FirstPersonMap.FirstPersonMap:PersistentLevel.Target_2_C_UAID_7C10C99DAE0B345F02_1363662968
 |- Actor Package: /Game/UEDPIE_0_FirstPersonMap_InstanceOf_/Game/__ExternalActors__/FirstPersonMap/F/58/HHWYFIIBMLR95C00TF5S7V
 |- Actor Path: /Game/UEDPIE_0_FirstPersonMap.FirstPersonMap:PersistentLevel.Target_2_C_UAID_7C10C99DAE0B355F02_1692166148
 |- Actor Package: /Game/UEDPIE_0_FirstPersonMap_InstanceOf_/Game/__ExternalActors__/FirstPersonMap/9/VW/VPTFRLSTSCB50MD030FDD0
 |- Actor Path: /Game/UEDPIE_0_FirstPersonMap.FirstPersonMap:PersistentLevel.Target_2_C_UAID_7C10C99DAE0B355F02_2060266151
 |- Actor Package: /Game/UEDPIE_0_FirstPersonMap_InstanceOf_/Game/__ExternalActors__/FirstPersonMap/7/VM/84RGTHFX1YU06CG2LX1BDH
 |- Actor Path: /Game/UEDPIE_0_FirstPersonMap.FirstPersonMap:PersistentLevel.Target_Move_C_UAID_7C10C99DAE0B1A6102_1532233503
 |- Actor Package: /Game/UEDPIE_0_FirstPersonMap_InstanceOf_/Game/__ExternalActors__/FirstPersonMap/0/WV/53V3MANALNUE0XHCL8CA5O
 |- Actor Path: /Game/UEDPIE_0_FirstPersonMap.FirstPersonMap:PersistentLevel.Target_Move_C_UAID_7C10C99DAE0B1B6102_1728587680
 |- Actor Package: /Game/UEDPIE_0_FirstPersonMap_InstanceOf_/Game/__ExternalActors__/FirstPersonMap/8/LX/VGERKKSEOY14H9G9H3ZPWY
 |- Actor Path: /Game/UEDPIE_0_FirstPersonMap.FirstPersonMap:PersistentLevel.VolumetricCloud_0
 |- Actor Package: /Game/UEDPIE_0_FirstPersonMap_InstanceOf_/Game/__ExternalActors__/FirstPersonMap/0/XM/78ZPBPCGQUW34N948XY0JR
 |- Actor Path: /Game/UEDPIE_0_FirstPersonMap.FirstPersonMap:PersistentLevel.WorldDataLayers
 |- Actor Package: /Game/__ExternalActors__/FirstPersonMap/C/8S/7PFG5Z9FD3S2QYUAMTSKL1

----------------------------------------------------------------------------------------------------------------
FirstPersonMap - Runtime Hash Set
----------------------------------------------------------------------------------------------------------------

